<?xml version="1.0" encoding="UTF-8"?>
<!-- Generated by org.testng.reporters.JUnitReportReporter -->
<testsuite hostname="LAPTOP-K51H7RVG" failures="0" tests="2" name="runner.RunnerClass" time="0.167" errors="0" timestamp="2024-03-27T00:36:01 IST" skipped="0">
  <testcase classname="runner.RunnerClass" name="runScenario" time="0.141"/>
  <system-out/>
  <testcase classname="runner.RunnerClass" name="runScenario" time="0.026"/>
  <system-out/>
</testsuite> <!-- runner.RunnerClass -->
